Landmark scenario: dual — 2 landmarks
Hex graph: 705 nodes (702 heading-states + 2 sensors + goal), radius=57.73502691896258m, directed_edges=1854, grid=15x13, start_cell=(2, 6), goal_cell=(12, 6), start_heading=0
Conditional ε-bound: ε_sample=1.1155, w=1.0, ε_total=1.1155
  Bound form (conditional): L_returned ≤ (1+ε_total) L* with assumptions documented in comments.

── MULTI-AGENT PLANNING (Synchronized Kalman) ──

  Running joint discrete A* collector (threshold=3.75)... (max_iters=200000)
Fig Pareto (discrete) saved: 2 points
  Pareto seeds collected: 2. Continuous refinement deferred until optimizer is available.

✓ Multi-agent solution with synchronized Kalman fusion:
  Support agent 1: node=705, dist=1000.0m, goal_unc=5.8459m
  Primary agent: node=705, dist=1000.0m, goal_unc=5.8459m
  ├─ Communication: every 100.0m, Gaussian taper σ=50.0m
  └─ All agents' uncertainties benefit from synchronized Kalman fusion at checkpoints

--- Final Results ---
Support agent 1 : [1, 403, 409, 415, 421, 427, 433, 439, 445, 451, 457, 705]  dist=1000.0  goal_unc=5.8459  ✗  (Kalman-fused)
Primary agent : [1, 403, 409, 415, 421, 427, 433, 439, 445, 451, 457, 705]  dist=1000.0  goal_unc=5.8459  threshold=3.75 ✗ not met  (Kalman-fused)

=== Kalman Filtering Summary ===
All 2 agents performing synchronized Kalman filtering:
  • Dead-reckoning propagation: DIR=0.05/m, PERP=0.016666666666666666/m
  • Landmark fusion: Information filter (Joseph form) at every waypoint
  • SYNCHRONIZED inter-agent communication: every 100.0m of travel
  • Tapered Gaussian weighting: σ=50.0m (soft falloff over ~1-3σ)
  • Bidirectional Kalman fusion: all agent pairs within range at each checkpoint
  • Measurement model: bearing-angle sensor with noise=0.038, ratio=2.2
  └─ Support agents: goal_unc=5.8459m (improved by inter-agent fusion)
  └─ Primary agent: goal_unc=5.8459m (direct path with landmark updates)
Converged at iteration : 0
Figure path-role mapping: supports = paths[1:1], primary = paths[2]
Discrete evaluation: prim_len=1000.0, unc=5.8459
Fig 1 saved.

=== Continuous Spline Optimization (threshold=3.75) ===
  Initial (discrete→spline): prim_len=1000.0, unc=5.8459
  [Smoothing] Initial point is infeasible; smoothing into feasible region...
    Smooth iter  50: len=1000.06, unc=3.896
    Smooth iter 100: len=1000.1, unc=3.7779
    Smooth iter 150: len=1000.11, unc=3.7519
    Smooth iter 200: len=1000.1, unc=3.7502
    Smooth iter 250: len=1000.1, unc=3.7502
    Smooth iter 300: len=1000.1, unc=3.7502
  After smoothing: prim_len=1000.095, unc=3.7502
  Barrier stage 1/4: μ=20.0
  [Spline barrier] line search stalled; stopping at stage 1
  Barrier stage 2/4: μ=7.0
  [Spline barrier] line search stalled; stopping at stage 2
  Barrier stage 3/4: μ=2.45
  → Converged at iter 13 (Δlen=6.0e-6)
  Barrier stage 4/4: μ=0.8575
  → Converged at iter 14 (Δlen=6.0e-6)
  Final: prim_len=1000.072, unc=3.75, threshold=3.75
Fig combined (main) saved: Discrete Len=1000.07 → Continuous Len=1000.07
  → Saved control points to main_ctrls.csv (24 points)
┌ Warning: Assignment to `support_paths` in soft scope is ambiguous because a global variable by the same name exists: `support_paths` will be treated as a new local. Disambiguate by using `local support_paths` to suppress this warning or `global support_paths` to assign to the existing global variable.
└ @ /tmp/planner_wVXo.jl:2767
┌ Warning: Assignment to `primary_path` in soft scope is ambiguous because a global variable by the same name exists: `primary_path` will be treated as a new local. Disambiguate by using `local primary_path` to suppress this warning or `global primary_path` to assign to the existing global variable.
└ @ /tmp/planner_wVXo.jl:2768
┌ Warning: Assignment to `opt_len` in soft scope is ambiguous because a global variable by the same name exists: `opt_len` will be treated as a new local. Disambiguate by using `local opt_len` to suppress this warning or `global opt_len` to assign to the existing global variable.
└ @ /tmp/planner_wVXo.jl:2770
┌ Warning: Assignment to `opt_unc` in soft scope is ambiguous because a global variable by the same name exists: `opt_unc` will be treated as a new local. Disambiguate by using `local opt_unc` to suppress this warning or `global opt_unc` to assign to the existing global variable.
└ @ /tmp/planner_wVXo.jl:2770
┌ Warning: Assignment to `opt_wpts` in soft scope is ambiguous because a global variable by the same name exists: `opt_wpts` will be treated as a new local. Disambiguate by using `local opt_wpts` to suppress this warning or `global opt_wpts` to assign to the existing global variable.
└ @ /tmp/planner_wVXo.jl:2770
┌ Warning: Assignment to `opt_covs` in soft scope is ambiguous because a global variable by the same name exists: `opt_covs` will be treated as a new local. Disambiguate by using `local opt_covs` to suppress this warning or `global opt_covs` to assign to the existing global variable.
└ @ /tmp/planner_wVXo.jl:2770
┌ Warning: Assignment to `opt_ctrls` in soft scope is ambiguous because a global variable by the same name exists: `opt_ctrls` will be treated as a new local. Disambiguate by using `local opt_ctrls` to suppress this warning or `global opt_ctrls` to assign to the existing global variable.
└ @ /tmp/planner_wVXo.jl:2770

Running continuous refinement for 2 Pareto seeds...
  Refining Pareto seed 1 (dist=1000.0, unc=5.8459)

=== Continuous Spline Optimization (threshold=5.8459) ===
  Initial (discrete→spline): prim_len=1000.0, unc=5.8459
  [Smoothing] Initial point is feasible; proceeding to barrier optimization
  Barrier stage 1/4: μ=20.0
  [Spline barrier] line search stalled; stopping at stage 1
  Barrier stage 2/4: μ=7.0
  [Spline barrier] line search stalled; stopping at stage 2
  Barrier stage 3/4: μ=2.45
  [Spline barrier] line search stalled; stopping at stage 3
  Barrier stage 4/4: μ=0.8575
  [Spline barrier] line search stalled; stopping at stage 4
  Final: prim_len=1000.0, unc=5.8459, threshold=5.8459
Fig combined (pareto_1) saved: Discrete Len=1000.0 → Continuous Len=1000.0
  → Saved control points to pareto_1_ctrls.csv (24 points)
  Refining Pareto seed 2 (dist=1100.0, unc=5.7632)

=== Continuous Spline Optimization (threshold=5.7632) ===
  Initial (discrete→spline): prim_len=1049.923, unc=5.7632
  [Smoothing] Initial point is infeasible; smoothing into feasible region...
  After smoothing: prim_len=1054.474, unc=5.8257
  Barrier stage 1/4: μ=20.0
  [Spline barrier] line search stalled; stopping at stage 1
  Barrier stage 2/4: μ=7.0
  [Spline barrier] line search stalled; stopping at stage 2
  Barrier stage 3/4: μ=2.45
  [Spline barrier] line search stalled; stopping at stage 3
  Barrier stage 4/4: μ=0.8575
  [Spline barrier] line search stalled; stopping at stage 4
  Final: prim_len=1054.474, unc=5.8257, threshold=5.7632
Fig combined (pareto_2) saved: Discrete Len=1055.17 → Continuous Len=1054.47
  → Saved control points to pareto_2_ctrls.csv (26 points)
Fig Pareto continuous overlay saved.
