Landmark scenario: single — 1 landmarks
Hex graph: 704 nodes (702 heading-states + 1 sensors + goal), radius=57.73502691896258m, directed_edges=1854, grid=15x13, start_cell=(2, 6), goal_cell=(12, 6), start_heading=0
Conditional ε-bound: ε_sample=1.1155, w=1.0, ε_total=1.1155
  Bound form (conditional): L_returned ≤ (1+ε_total) L* with assumptions documented in comments.

── MULTI-AGENT PLANNING (Synchronized Kalman) ──

  Running joint discrete A* collector (threshold=3.75)... (max_iters=200000)
Fig Pareto (discrete) saved: 2 points
  Pareto seeds collected: 2. Continuous refinement deferred until optimizer is available.

✓ Multi-agent solution with synchronized Kalman fusion:
  Support agent 1: node=704, dist=1000.0m, goal_unc=8.1983m
  Primary agent: node=704, dist=1000.0m, goal_unc=8.1983m
  ├─ Communication: every 100.0m, Gaussian taper σ=50.0m
  └─ All agents' uncertainties benefit from synchronized Kalman fusion at checkpoints

--- Final Results ---
Support agent 1 : [1, 403, 409, 415, 421, 427, 433, 439, 445, 451, 457, 704]  dist=1000.0  goal_unc=8.1983  ✗  (Kalman-fused)
Primary agent : [1, 403, 409, 415, 421, 427, 433, 439, 445, 451, 457, 704]  dist=1000.0  goal_unc=8.1983  threshold=3.75 ✗ not met  (Kalman-fused)

=== Kalman Filtering Summary ===
All 2 agents performing synchronized Kalman filtering:
  • Dead-reckoning propagation: DIR=0.05/m, PERP=0.016666666666666666/m
  • Landmark fusion: Information filter (Joseph form) at every waypoint
  • SYNCHRONIZED inter-agent communication: every 100.0m of travel
  • Tapered Gaussian weighting: σ=50.0m (soft falloff over ~1-3σ)
  • Bidirectional Kalman fusion: all agent pairs within range at each checkpoint
  • Measurement model: bearing-angle sensor with noise=0.038, ratio=2.2
  └─ Support agents: goal_unc=8.1983m (improved by inter-agent fusion)
  └─ Primary agent: goal_unc=8.1983m (direct path with landmark updates)
Converged at iteration : 0
Figure path-role mapping: supports = paths[1:1], primary = paths[2]
Discrete evaluation: prim_len=1000.0, unc=8.1983
Fig 1 saved.

=== Continuous Spline Optimization (threshold=3.75) ===
  Initial (discrete→spline): prim_len=1000.0, unc=8.1983
  [Smoothing] Initial point is infeasible; smoothing into feasible region...
    Smooth iter  50: len=1000.24, unc=5.4452
    Smooth iter 100: len=1000.91, unc=5.0914
    Smooth iter 150: len=1001.83, unc=4.7857
    Smooth iter 200: len=1002.89, unc=4.5374
    Smooth iter 250: len=1004.08, unc=4.3398
    Smooth iter 300: len=1005.44, unc=4.1871
  After smoothing: prim_len=1005.436, unc=4.1871
  Barrier stage 1/4: μ=20.0
  Barrier stage 2/4: μ=7.0
  Barrier stage 3/4: μ=2.45
  Barrier stage 4/4: μ=0.8575
  Final: prim_len=1005.436, unc=4.1871, threshold=3.75
Fig combined (main) saved: Discrete Len=1008.19 → Continuous Len=1005.44
  → Saved control points to main_ctrls.csv (24 points)
┌ Warning: Assignment to `support_paths` in soft scope is ambiguous because a global variable by the same name exists: `support_paths` will be treated as a new local. Disambiguate by using `local support_paths` to suppress this warning or `global support_paths` to assign to the existing global variable.
└ @ /tmp/planner_wVXo.jl:2767
┌ Warning: Assignment to `primary_path` in soft scope is ambiguous because a global variable by the same name exists: `primary_path` will be treated as a new local. Disambiguate by using `local primary_path` to suppress this warning or `global primary_path` to assign to the existing global variable.
└ @ /tmp/planner_wVXo.jl:2768
┌ Warning: Assignment to `opt_len` in soft scope is ambiguous because a global variable by the same name exists: `opt_len` will be treated as a new local. Disambiguate by using `local opt_len` to suppress this warning or `global opt_len` to assign to the existing global variable.
└ @ /tmp/planner_wVXo.jl:2770
┌ Warning: Assignment to `opt_unc` in soft scope is ambiguous because a global variable by the same name exists: `opt_unc` will be treated as a new local. Disambiguate by using `local opt_unc` to suppress this warning or `global opt_unc` to assign to the existing global variable.
└ @ /tmp/planner_wVXo.jl:2770
┌ Warning: Assignment to `opt_wpts` in soft scope is ambiguous because a global variable by the same name exists: `opt_wpts` will be treated as a new local. Disambiguate by using `local opt_wpts` to suppress this warning or `global opt_wpts` to assign to the existing global variable.
└ @ /tmp/planner_wVXo.jl:2770
┌ Warning: Assignment to `opt_covs` in soft scope is ambiguous because a global variable by the same name exists: `opt_covs` will be treated as a new local. Disambiguate by using `local opt_covs` to suppress this warning or `global opt_covs` to assign to the existing global variable.
└ @ /tmp/planner_wVXo.jl:2770
┌ Warning: Assignment to `opt_ctrls` in soft scope is ambiguous because a global variable by the same name exists: `opt_ctrls` will be treated as a new local. Disambiguate by using `local opt_ctrls` to suppress this warning or `global opt_ctrls` to assign to the existing global variable.
└ @ /tmp/planner_wVXo.jl:2770

Running continuous refinement for 2 Pareto seeds...
  Refining Pareto seed 1 (dist=1000.0, unc=8.1983)

=== Continuous Spline Optimization (threshold=8.1983) ===
  Initial (discrete→spline): prim_len=1000.0, unc=8.1983
  [Smoothing] Initial point is feasible; proceeding to barrier optimization
  Barrier stage 1/4: μ=20.0
  [Spline barrier] line search stalled; stopping at stage 1
  Barrier stage 2/4: μ=7.0
  [Spline barrier] line search stalled; stopping at stage 2
  Barrier stage 3/4: μ=2.45
  [Spline barrier] line search stalled; stopping at stage 3
  Barrier stage 4/4: μ=0.8575
  [Spline barrier] line search stalled; stopping at stage 4
  Final: prim_len=1000.0, unc=8.1983, threshold=8.1983
Fig combined (pareto_1) saved: Discrete Len=1000.0 → Continuous Len=1000.0
  → Saved control points to pareto_1_ctrls.csv (24 points)
  Refining Pareto seed 2 (dist=1100.0, unc=7.096)

=== Continuous Spline Optimization (threshold=7.096) ===
  Initial (discrete→spline): prim_len=1057.667, unc=7.096
  [Smoothing] Initial point is infeasible; smoothing into feasible region...
  After smoothing: prim_len=1058.227, unc=7.1027
  Barrier stage 1/4: μ=20.0
  [Spline barrier] line search stalled; stopping at stage 1
  Barrier stage 2/4: μ=7.0
  [Spline barrier] line search stalled; stopping at stage 2
  Barrier stage 3/4: μ=2.45
  [Spline barrier] line search stalled; stopping at stage 3
  Barrier stage 4/4: μ=0.8575
  [Spline barrier] line search stalled; stopping at stage 4
  Final: prim_len=1058.227, unc=7.1027, threshold=7.096
Fig combined (pareto_2) saved: Discrete Len=1059.7 → Continuous Len=1058.23
  → Saved control points to pareto_2_ctrls.csv (26 points)
Fig Pareto continuous overlay saved.
